2025-09-07 10:47:28,108 - INFO - Hatagawa I Monitoring System Activated
2025-09-07 10:47:28,108 - INFO - Flag environment: BHFlagY{D3BUGG1NG_1S_FUN}
2025-09-07 10:47:28,109 - INFO - Starting continuous monitoring of Hatagawa I environment
2025-09-07 10:47:28,109 - INFO - Target pattern: Any flag pattern
2025-09-07 10:47:28,109 - INFO - Monitoring attempt #1 at 2025-09-07 10:47:28.109148
2025-09-07 10:47:28,109 - INFO - Detected potential flag: cceea33689c7fdb40a19339661006c5472864cc13433c0cf35
2025-09-07 10:47:30,109 - INFO - Monitoring attempt #2 at 2025-09-07 10:47:30.109564
2025-09-07 10:47:30,109 - INFO - Detected potential flag: 2b89213329f5ae589a571dbe514865b0bf421b25eb61fb7b39
2025-09-07 10:47:32,110 - INFO - Monitoring attempt #3 at 2025-09-07 10:47:32.109974
2025-09-07 10:47:32,110 - INFO - Detected potential flag: 17ae1e3ed088424c12251f988cf260ec9fa47bd703fe6fe7a3
2025-09-07 10:47:34,110 - INFO - Monitoring attempt #4 at 2025-09-07 10:47:34.110370
2025-09-07 10:47:34,110 - INFO - Detected potential flag: 2658c4f1bd7c9c7021ace5a200222648b13bf6037aef1b93ea
2025-09-07 10:47:36,110 - INFO - Monitoring attempt #5 at 2025-09-07 10:47:36.110793
2025-09-07 10:47:36,111 - INFO - Detected potential flag: 1d5a31bad7f431e4d4c02b3d177e1864fa537cc2ebe4eb9f9f
2025-09-07 10:47:38,111 - INFO - Monitoring attempt #6 at 2025-09-07 10:47:38.111209
2025-09-07 10:47:38,111 - INFO - Detected potential flag: 003866be299f6088f284210c9b99fd4096b03465a3a04bcb4c
2025-09-07 10:47:38,111 - INFO - Monitoring duration (10s) exceeded. Stopping.
2025-09-07 10:47:38,111 - INFO - Monitoring session complete:
2025-09-07 10:47:38,111 - INFO - Duration: 10.00 seconds
2025-09-07 10:47:38,111 - INFO - Attempts: 6
2025-09-07 10:47:38,111 - INFO - Successful captures: 0
2025-09-07 10:48:33,261 - INFO - Hatagawa I Monitoring System Activated
2025-09-07 10:48:33,261 - INFO - Flag environment: BHFlagY{D3BUGG1NG_1S_FUN}
2025-09-07 10:48:33,261 - INFO - Starting continuous monitoring of Hatagawa I environment
2025-09-07 10:48:33,261 - INFO - Target pattern: Any flag pattern
2025-09-07 10:48:33,261 - INFO - Monitoring attempt #1 at 2025-09-07 10:48:33.261886
2025-09-07 10:48:33,261 - INFO - Detected potential flag: 51e731b2eb3ac06be2f7f342db90d6a1ef3876732a83b634c5
2025-09-07 10:48:33,262 - INFO - Flag pattern detected: Length matches flag pattern
2025-09-07 10:48:33,262 - INFO - Attempting decryption of captured data: 51e731b2eb3ac06be2f7...
2025-09-07 10:48:33,262 - INFO - Successfully verified flag decryption!
2025-09-07 10:48:33,262 - INFO - SUCCESSFUL CAPTURE #1
2025-09-07 10:48:33,262 - INFO - Timestamp: 2025-09-07 10:48:33.261886
2025-09-07 10:48:33,262 - INFO - Source: Hatagawa I River Environment
2025-09-07 10:48:33,262 - INFO - Captured Data: 51e731b2eb3ac06be2f7f342db90d6a1ef3876732a83b634c5
2025-09-07 10:48:33,262 - INFO - Decrypted Flag: BHFlagY{D3BUGG1NG_1S_FUN}
2025-09-07 10:48:33,262 - INFO - Verification: SUCCESS
2025-09-07 10:48:33,262 - INFO - --------------------------------------------------
2025-09-07 10:48:35,262 - INFO - Monitoring attempt #2 at 2025-09-07 10:48:35.262811
2025-09-07 10:48:35,263 - INFO - Detected potential flag: 2e5b823d5d64966f01ec789011a8580de97a5a45e48e1b10ab
2025-09-07 10:48:35,263 - INFO - Flag pattern detected: Length matches flag pattern
2025-09-07 10:48:35,263 - INFO - Attempting decryption of captured data: 2e5b823d5d64966f01ec...
2025-09-07 10:48:35,263 - INFO - Successfully verified flag decryption!
2025-09-07 10:48:35,263 - INFO - SUCCESSFUL CAPTURE #2
2025-09-07 10:48:35,263 - INFO - Timestamp: 2025-09-07 10:48:35.262811
2025-09-07 10:48:35,263 - INFO - Source: Hatagawa I River Environment
2025-09-07 10:48:35,263 - INFO - Captured Data: 2e5b823d5d64966f01ec789011a8580de97a5a45e48e1b10ab
2025-09-07 10:48:35,263 - INFO - Decrypted Flag: BHFlagY{D3BUGG1NG_1S_FUN}
2025-09-07 10:48:35,263 - INFO - Verification: SUCCESS
2025-09-07 10:48:35,263 - INFO - --------------------------------------------------
2025-09-07 10:48:37,263 - INFO - Monitoring attempt #3 at 2025-09-07 10:48:37.263662
2025-09-07 10:48:37,263 - INFO - Detected potential flag: 13c7a3a69f0086a370144a90fac7dd19e2b0c5f82d0b7b4c2a
2025-09-07 10:48:37,263 - INFO - Flag pattern detected: Length matches flag pattern
2025-09-07 10:48:37,264 - INFO - Attempting decryption of captured data: 13c7a3a69f0086a37014...
2025-09-07 10:48:37,264 - INFO - Successfully verified flag decryption!
2025-09-07 10:48:37,264 - INFO - SUCCESSFUL CAPTURE #3
2025-09-07 10:48:37,264 - INFO - Timestamp: 2025-09-07 10:48:37.263662
2025-09-07 10:48:37,264 - INFO - Source: Hatagawa I River Environment
2025-09-07 10:48:37,264 - INFO - Captured Data: 13c7a3a69f0086a370144a90fac7dd19e2b0c5f82d0b7b4c2a
2025-09-07 10:48:37,264 - INFO - Decrypted Flag: BHFlagY{D3BUGG1NG_1S_FUN}
2025-09-07 10:48:37,264 - INFO - Verification: SUCCESS
2025-09-07 10:48:37,264 - INFO - --------------------------------------------------
2025-09-07 10:48:39,264 - INFO - Monitoring attempt #4 at 2025-09-07 10:48:39.264565
2025-09-07 10:48:39,264 - INFO - Detected potential flag: e10365005179f6271962385c413914651abff633c3f9132835
2025-09-07 10:48:39,264 - INFO - Flag pattern detected: Length matches flag pattern
2025-09-07 10:48:39,264 - INFO - Attempting decryption of captured data: e10365005179f6271962...
2025-09-07 10:48:39,264 - INFO - Successfully verified flag decryption!
2025-09-07 10:48:39,264 - INFO - SUCCESSFUL CAPTURE #4
2025-09-07 10:48:39,265 - INFO - Timestamp: 2025-09-07 10:48:39.264565
2025-09-07 10:48:39,265 - INFO - Source: Hatagawa I River Environment
2025-09-07 10:48:39,265 - INFO - Captured Data: e10365005179f6271962385c413914651abff633c3f9132835
2025-09-07 10:48:39,265 - INFO - Decrypted Flag: BHFlagY{D3BUGG1NG_1S_FUN}
2025-09-07 10:48:39,265 - INFO - Verification: SUCCESS
2025-09-07 10:48:39,265 - INFO - --------------------------------------------------
2025-09-07 10:48:41,265 - INFO - Monitoring attempt #5 at 2025-09-07 10:48:41.265341
2025-09-07 10:48:41,265 - INFO - Detected potential flag: dd4cbc12fa76b8db02f7619e271bb6f1f863d892146e4ec4d5
2025-09-07 10:48:41,265 - INFO - Flag pattern detected: Length matches flag pattern
2025-09-07 10:48:41,265 - INFO - Attempting decryption of captured data: dd4cbc12fa76b8db02f7...
2025-09-07 10:48:41,265 - INFO - Successfully verified flag decryption!
2025-09-07 10:48:41,265 - INFO - SUCCESSFUL CAPTURE #5
2025-09-07 10:48:41,265 - INFO - Timestamp: 2025-09-07 10:48:41.265341
2025-09-07 10:48:41,265 - INFO - Source: Hatagawa I River Environment
2025-09-07 10:48:41,266 - INFO - Captured Data: dd4cbc12fa76b8db02f7619e271bb6f1f863d892146e4ec4d5
2025-09-07 10:48:41,266 - INFO - Decrypted Flag: BHFlagY{D3BUGG1NG_1S_FUN}
2025-09-07 10:48:41,266 - INFO - Verification: SUCCESS
2025-09-07 10:48:41,266 - INFO - --------------------------------------------------
2025-09-07 10:48:41,266 - INFO - Monitoring duration (8s) exceeded. Stopping.
2025-09-07 10:48:41,266 - INFO - Monitoring session complete:
2025-09-07 10:48:41,266 - INFO - Duration: 8.00 seconds
2025-09-07 10:48:41,266 - INFO - Attempts: 5
2025-09-07 10:48:41,266 - INFO - Successful captures: 5
2025-09-07 10:48:47,935 - INFO - Hatagawa I Monitoring System Activated
2025-09-07 10:48:47,935 - INFO - Flag environment: BHFlagY{D3BUGG1NG_1S_FUN}
2025-09-07 10:48:47,935 - INFO - Starting continuous monitoring of Hatagawa I environment
2025-09-07 10:48:47,935 - INFO - Target pattern: D3BUGG1NG
2025-09-07 10:48:47,935 - INFO - Monitoring attempt #1 at 2025-09-07 10:48:47.935866
2025-09-07 10:48:47,935 - INFO - Detected potential flag: 4c5b1ad07fff1e33a3874fef6756bd8980cdc2861a064a3c45
2025-09-07 10:48:47,936 - INFO - Flag pattern detected: Length matches flag pattern
2025-09-07 10:48:47,936 - INFO - Attempting decryption of captured data: 4c5b1ad07fff1e33a387...
2025-09-07 10:48:47,936 - INFO - Successfully verified flag decryption!
2025-09-07 10:48:47,936 - INFO - SUCCESSFUL CAPTURE #1
2025-09-07 10:48:47,936 - INFO - Timestamp: 2025-09-07 10:48:47.935866
2025-09-07 10:48:47,936 - INFO - Source: Hatagawa I River Environment
2025-09-07 10:48:47,936 - INFO - Captured Data: 4c5b1ad07fff1e33a3874fef6756bd8980cdc2861a064a3c45
2025-09-07 10:48:47,936 - INFO - Decrypted Flag: BHFlagY{D3BUGG1NG_1S_FUN}
2025-09-07 10:48:47,936 - INFO - Verification: SUCCESS
2025-09-07 10:48:47,936 - INFO - --------------------------------------------------
2025-09-07 10:48:47,936 - INFO - Target pattern 'D3BUGG1NG' found! Monitoring complete.
2025-09-07 10:48:47,936 - INFO - Monitoring session complete:
2025-09-07 10:48:47,936 - INFO - Duration: 0.00 seconds
2025-09-07 10:48:47,936 - INFO - Attempts: 1
2025-09-07 10:48:47,936 - INFO - Successful captures: 1
2025-09-07 10:50:24,811 - INFO - Hatagawa I Monitoring System Activated
2025-09-07 10:50:24,811 - INFO - Flag environment: CTF{test_monitoring_system}
2025-09-07 10:50:24,812 - INFO - Starting continuous monitoring of Hatagawa I environment
2025-09-07 10:50:24,812 - INFO - Target pattern: Any flag pattern
2025-09-07 10:50:24,812 - INFO - Monitoring attempt #1 at 2025-09-07 10:50:24.812151
2025-09-07 10:50:24,812 - INFO - Detected potential flag: a493fa3c81770f29fddf7ee0a991471ccb2de469051dce072b79ca
2025-09-07 10:50:24,812 - INFO - Flag pattern detected: Length matches flag pattern
2025-09-07 10:50:24,812 - INFO - Attempting decryption of captured data: a493fa3c81770f29fddf...
2025-09-07 10:50:24,812 - INFO - Successfully verified flag decryption!
2025-09-07 10:50:24,812 - INFO - SUCCESSFUL CAPTURE #1
2025-09-07 10:50:24,812 - INFO - Timestamp: 2025-09-07 10:50:24.812151
2025-09-07 10:50:24,812 - INFO - Source: Hatagawa I River Environment
2025-09-07 10:50:24,812 - INFO - Captured Data: a493fa3c81770f29fddf7ee0a991471ccb2de469051dce072b79ca
2025-09-07 10:50:24,812 - INFO - Decrypted Flag: CTF{test_monitoring_system}
2025-09-07 10:50:24,812 - INFO - Verification: SUCCESS
2025-09-07 10:50:24,812 - INFO - --------------------------------------------------
2025-09-07 10:50:26,812 - INFO - Monitoring attempt #2 at 2025-09-07 10:50:26.812894
2025-09-07 10:50:26,813 - INFO - Detected potential flag: 39323072836352ad4f16b16e9d445a687752d07d5eb55c7bfefe85
2025-09-07 10:50:26,813 - INFO - Flag pattern detected: Length matches flag pattern
2025-09-07 10:50:26,813 - INFO - Attempting decryption of captured data: 39323072836352ad4f16...
2025-09-07 10:50:26,813 - INFO - Successfully verified flag decryption!
2025-09-07 10:50:26,813 - INFO - SUCCESSFUL CAPTURE #2
2025-09-07 10:50:26,813 - INFO - Timestamp: 2025-09-07 10:50:26.812894
2025-09-07 10:50:26,813 - INFO - Source: Hatagawa I River Environment
2025-09-07 10:50:26,813 - INFO - Captured Data: 39323072836352ad4f16b16e9d445a687752d07d5eb55c7bfefe85
2025-09-07 10:50:26,813 - INFO - Decrypted Flag: CTF{test_monitoring_system}
2025-09-07 10:50:26,813 - INFO - Verification: SUCCESS
2025-09-07 10:50:26,813 - INFO - --------------------------------------------------
2025-09-07 10:50:28,813 - INFO - Monitoring attempt #3 at 2025-09-07 10:50:28.813593
2025-09-07 10:50:28,813 - INFO - Detected potential flag: 8b8a64db49ce4de18ce1feb4e982bd74220700a8271eae9fde58e1
2025-09-07 10:50:28,813 - INFO - Flag pattern detected: Length matches flag pattern
2025-09-07 10:50:28,813 - INFO - Attempting decryption of captured data: 8b8a64db49ce4de18ce1...
2025-09-07 10:50:28,813 - INFO - Successfully verified flag decryption!
2025-09-07 10:50:28,813 - INFO - SUCCESSFUL CAPTURE #3
2025-09-07 10:50:28,814 - INFO - Timestamp: 2025-09-07 10:50:28.813593
2025-09-07 10:50:28,814 - INFO - Source: Hatagawa I River Environment
2025-09-07 10:50:28,814 - INFO - Captured Data: 8b8a64db49ce4de18ce1feb4e982bd74220700a8271eae9fde58e1
2025-09-07 10:50:28,814 - INFO - Decrypted Flag: CTF{test_monitoring_system}
2025-09-07 10:50:28,814 - INFO - Verification: SUCCESS
2025-09-07 10:50:28,814 - INFO - --------------------------------------------------
2025-09-07 10:50:28,814 - INFO - Monitoring duration (4s) exceeded. Stopping.
2025-09-07 10:50:28,814 - INFO - Monitoring session complete:
2025-09-07 10:50:28,814 - INFO - Duration: 4.00 seconds
2025-09-07 10:50:28,814 - INFO - Attempts: 3
2025-09-07 10:50:28,814 - INFO - Successful captures: 3
